200 GET https://www.gulp.de/gulp2/g/projekte?page=1 [text/html]
200 GET https://www.gulp.de/gulp2/g/assets/img/randstad-professional/Randstad_Professional_Logo_Horizontal_Blue.svg [image/svg+xml]
200 GET https://www.gulp.de/gulp2/g/chunk-T4GTF74X.js [text/javascript]
200 GET https://www.gulp.de/gulp2/g/chunk-PCT7L2ES.js [text/javascript]
200 GET https://www.gulp.de/gulp2/g/chunk-HZD6FULU.js [text/javascript]
200 GET https://www.gulp.de/gulp2/g/chunk-OT35U7KN.js [text/javascript]
200 GET https://www.gulp.de/gulp2/g/chunk-LGS6URUG.js [text/javascript]
200 GET https://www.gulp.de/gulp2/g/polyfills-R5K4VRNJ.js [text/javascript]
200 GET https://www.gulp.de/gulp2/g/chunk-F7GCBYVY.js [text/javascript]
200 GET https://www.gulp.de/gulp2/g/chunk-QFKU7YAW.js [text/javascript]
200 GET https://www.gulp.de/gulp2/g/chunk-Y4P65O76.js [text/javascript]
200 GET https://www.gulp.de/gulp2/g/chunk-L7S4TYYL.js [text/javascript]
200 GET https://www.gulp.de/gulp2/g/main-S7MTPUSF.js [text/javascript]
200 GET https://www.gulp.de/gulp2/g/chunk-3LKIMN33.js [text/javascript]
200 GET https://www.gulp.de/gulp2/g/styles-WSV7P2OG.css [text/css]
200 GET https://www.gulp.de/gulp2/g/scripts-B7X5Y6R6.js [text/javascript]
200 GET https://kit.fontawesome.com/fbf044a3cd.js [text/javascript]
200 GET https://ka-p.fontawesome.com/assets/fbf044a3cd/90812257/kit.css?token=fbf044a3cd [text/css]
200 GET https://www.gulp.de/gulp2/g/chunk-VIWU4XXG.js [text/javascript]
200 GET https://www.gulp.de/gulp2/g/chunk-OFPD42QH.js [text/javascript]
200 GET https://www.gulp.de/gulp2/g/chunk-233LFY6R.js [text/javascript]
200 GET https://www.gulp.de/gulp2/g/chunk-P4JRP7MC.js [text/javascript]
200 GET https://www.gulp.de/gulp2/g/chunk-37AH72KF.js [text/javascript]
200 GET https://www.gulp.de/gulp2/g/chunk-LD5BQLG6.js [text/javascript]
200 GET https://www.gulp.de/gulp2/g/chunk-S4JXQT7V.js [text/javascript]
200 GET https://www.gulp.de/gulp2/g/chunk-SWCUB727.js [text/javascript]
200 GET https://www.gulp.de/gulp2/g/chunk-Q36THR53.js [text/javascript]
200 GET https://www.gulp.de/gulp2/g/chunk-VEFBAWCB.js [text/javascript]
200 GET https://www.gulp.de/gulp2/g/chunk-KGJBZLNU.js [text/javascript]
200 GET https://www.gulp.de/gulp2/g/chunk-BZK2WZME.js [text/javascript]
200 GET https://www.gulp.de/gulp2/g/chunk-YREMPQ3M.js [text/javascript]
200 GET https://www.gulp.de/gulp2/g/chunk-6X3HKBDT.js [text/javascript]
200 GET https://www.gulp.de/gulp2/g/media/Graphik-Regular-FBQPQPJS.woff2 [font/woff2]
200 GET https://www.gulp.de/gulp2/rest/internal/system/csrf []
200 GET https://www.gulp.de/gulp2/g/chunk-MMSSAXQC.js [text/javascript]
200 GET https://www.gulp.de/gulp2/rest/internal/system/account/login/data [application/json]
200 GET https://www.gulp.de/gulp2/rest/internal/system/version?timestamp=1749718807625 [application/json]
200 GET https://accounts.google.com/gsi/client [application/javascript; charset=utf-8]
200 GET https://ka-p.fontawesome.com/releases/v6.5.1/webfonts/pro-fa-light-300-0.woff2 [font/woff2]
200 GET https://www.gulp.de/gulp2/g/chunk-3D24K4NF.js [text/javascript]
200 GET https://www.gulp.de/gulp2/g/chunk-Z2I6V2SC.js [text/javascript]
204 POST https://www.gulp.de/gulp2/rest/internal/system/log []
200 GET https://www.gulp.de/gulp2/g/chunk-FKY67ZKQ.js [text/javascript]
200 GET https://www.gulp.de/gulp2/g/chunk-N6SXRIM5.js [text/javascript]
200 GET https://www.gulp.de/gulp2/g/chunk-LENQSXNX.js [text/javascript]
200 GET https://www.gulp.de/gulp2/g/chunk-FTSCG2T5.js [text/javascript]
200 GET https://www.gulp.de/gulp2/g/chunk-O4HTW4YS.js [text/javascript]
200 GET https://www.gulp.de/gulp2/g/chunk-2Y63MSSV.js [text/javascript]
200 GET https://www.gulp.de/gulp2/g/chunk-NNKCMSSQ.js [text/javascript]
200 GET https://www.gulp.de/gulp2/g/chunk-UTK5ZY42.js [text/javascript]
200 GET https://www.gulp.de/gulp2/g/chunk-TIVSYF4K.js [text/javascript]
200 GET https://www.gulp.de/gulp2/g/chunk-FJKNDGC3.js [text/javascript]
200 GET https://www.gulp.de/gulp2/g/chunk-BPB3N6BY.js [text/javascript]
200 GET https://www.gulp.de/gulp2/g/chunk-RCHBCNYG.js [text/javascript]
200 GET https://www.gulp.de/gulp2/g/chunk-PULQ6UYK.js [text/javascript]
200 GET https://www.gulp.de/gulp2/g/chunk-JCZLZAAQ.js [text/javascript]
200 GET https://www.gulp.de/gulp2/g/chunk-IMVVBCAW.js [text/javascript]
200 GET https://www.gulp.de/gulp2/g/chunk-XLOAZGVI.js [text/javascript]
200 GET https://www.gulp.de/gulp2/g/chunk-VBJOETLV.js [text/javascript]
200 GET https://www.gulp.de/gulp2/g/chunk-PKBFDEYK.js [text/javascript]
200 GET https://www.gulp.de/gulp2/g/chunk-3UCBDKYX.js [text/javascript]
200 GET https://www.gulp.de/gulp2/g/chunk-V2FEMQB7.js [text/javascript]
200 GET https://accounts.google.com/gsi/style [text/css; charset=utf-8]
200 GET https://www.gulp.de/gulp2/g/chunk-XSC2UQPA.js [text/javascript]
200 GET https://www.gulp.de/gulp2/g/chunk-GPGZY7V2.js [text/javascript]
200 GET https://www.gulp.de/gulp2/g/chunk-OIDITWNQ.js [text/javascript]
200 GET https://www.gulp.de/gulp2/g/chunk-2KPVSZ3G.js [text/javascript]
200 GET https://www.gulp.de/gulp2/g/chunk-ODFNKO4V.js [text/javascript]
200 GET https://www.gulp.de/gulp2/g/chunk-NEDEIWUM.js [text/javascript]
200 GET https://www.gulp.de/gulp2/g/chunk-M5HPK4LZ.js [text/javascript]
200 GET https://www.gulp.de/gulp2/g/chunk-VDGUXUOA.js [text/javascript]
200 GET https://www.gulp.de/gulp2/g/chunk-CXPX7YNH.js [text/javascript]
200 GET https://www.gulp.de/gulp2/g/chunk-7DXVJKRO.js [text/javascript]
200 GET https://www.gulp.de/gulp2/g/chunk-M2QQMULU.js [text/javascript]
200 GET https://www.gulp.de/gulp2/g/chunk-MDG4J6K2.js [text/javascript]
200 GET https://www.gulp.de/gulp2/g/chunk-TT6WNUFP.js [text/javascript]
200 GET https://www.gulp.de/gulp2/g/chunk-DVLVFXGO.js [text/javascript]
200 GET https://www.gulp.de/gulp2/g/chunk-U7E7AKHO.js [text/javascript]
200 GET https://www.gulp.de/gulp2/g/chunk-WMEU3JVD.js [text/javascript]
200 GET https://www.gulp.de/gulp2/g/chunk-IUJAQG4H.js [text/javascript]
200 GET https://www.gulp.de/gulp2/g/chunk-AOAHGYIC.js [text/javascript]
200 GET https://www.gulp.de/gulp2/g/chunk-5IUDTNWV.js [text/javascript]
200 GET https://www.gulp.de/gulp2/g/chunk-JBPHKZTU.js [text/javascript]
200 GET https://www.gulp.de/gulp2/g/chunk-CU5BSAYG.js [text/javascript]
200 GET https://www.gulp.de/gulp2/g/chunk-6QNX3YIB.js [text/javascript]
200 GET https://www.gulp.de/gulp2/g/chunk-6JNI4LZX.js [text/javascript]
200 GET https://www.gulp.de/gulp2/g/chunk-VTYHDTP5.js [text/javascript]
200 GET https://www.gulp.de/gulp2/g/chunk-7KVQ5WBH.js [text/javascript]
200 GET https://www.gulp.de/gulp2/g/chunk-BHJAQM3A.js [text/javascript]
200 GET https://www.gulp.de/gulp2/g/chunk-I3AEQ4Y7.js [text/javascript]
200 GET https://www.gulp.de/gulp2/g/chunk-4AECKOLV.js [text/javascript]
200 GET https://www.gulp.de/gulp2/g/chunk-7JO3JE5N.js [text/javascript]
200 GET https://www.gulp.de/gulp2/g/chunk-IFV6IT63.js [text/javascript]
200 GET https://www.gulp.de/gulp2/g/chunk-66D7SW6T.js [text/javascript]
200 GET https://www.gulp.de/gulp2/g/chunk-KKVZKFP5.js [text/javascript]
200 GET https://www.gulp.de/gulp2/g/chunk-AA2FV4QV.js [text/javascript]
200 GET https://www.gulp.de/gulp2/g/chunk-EBQEYVD6.js [text/javascript]
200 GET https://www.gulp.de/gulp2/g/chunk-KTGLMOY7.js [text/javascript]
200 GET https://www.gulp.de/gulp2/g/chunk-RA4ZPA3K.js [text/javascript]
200 GET https://www.gulp.de/gulp2/g/chunk-EKEIUERZ.js [text/javascript]
200 GET https://www.gulp.de/gulp2/g/chunk-UNJWXTUU.js [text/javascript]
200 GET https://www.gulp.de/gulp2/g/chunk-UWRHOYPG.js [text/javascript]
200 GET https://www.gulp.de/gulp2/g/chunk-LK2ILA6M.js [text/javascript]
200 GET https://www.gulp.de/gulp2/g/chunk-3A23W4EW.js [text/javascript]
200 GET https://www.gulp.de/gulp2/g/chunk-3BSQIKN3.js [text/javascript]
200 GET https://www.gulp.de/gulp2/g/chunk-2HJSQLN7.js [text/javascript]
200 GET https://www.gulp.de/gulp2/g/chunk-LYR3WBLX.js [text/javascript]
200 GET https://www.gulp.de/gulp2/g/chunk-YO3KLC6Y.js [text/javascript]
200 GET https://www.gulp.de/gulp2/g/chunk-EOCBTHGZ.js [text/javascript]
200 GET https://www.gulp.de/gulp2/g/chunk-YDXG3B2O.js [text/javascript]
200 GET https://www.gulp.de/gulp2/g/chunk-6NMJBZXN.js [text/javascript]
200 GET https://www.gulp.de/gulp2/g/chunk-BASLVPO7.js [text/javascript]
200 GET https://www.gulp.de/gulp2/g/chunk-6A5ULL7W.js [text/javascript]
200 GET https://www.gulp.de/gulp2/g/chunk-R7WEERGP.js [text/javascript]
200 GET https://www.gulp.de/gulp2/g/chunk-4PQVLN76.js [text/javascript]
200 GET https://www.gulp.de/gulp2/g/chunk-7TDOKLGV.js [text/javascript]
200 GET https://www.gulp.de/gulp2/g/chunk-BVQXHYIL.js [text/javascript]
200 GET https://www.gulp.de/gulp2/g/chunk-ZK6RDQTP.js [text/javascript]
200 GET https://www.gulp.de/gulp2/g/chunk-6WEPP5YU.js [text/javascript]
200 GET https://www.gulp.de/gulp2/g/chunk-7AFDPYE7.js [text/javascript]
200 GET https://www.gulp.de/gulp2/g/chunk-MKTC6BQT.js [text/javascript]
200 GET https://www.gulp.de/gulp2/rest/internal/system/version?timestamp=1749718807917 [application/json]
200 GET https://www.gulp.de/gulp2/g/assets/img/randstad-professional/Randstad_Professional_Logo_Horizontal_White.svg [image/svg+xml]
204 POST https://www.gulp.de/gulp2/rest/internal/system/log []
200 GET https://www.gulp.de/jsonapi/menu_items/main-de [application/vnd.api+json]
200 GET https://www.gulp.de/gulp2/g/assets/img/gulp-logo/GULP-Logo-only_weiss.svg [image/svg+xml]
200 GET https://www.gulp.de/gulp2/g/chunk-MHSI3IG4.js [text/javascript]
200 GET https://www.gulp.de/gulp2/g/chunk-PP3YTBHN.js [text/javascript]
200 GET https://www.gulp.de/gulp2/g/chunk-CFRZVIJ7.js [text/javascript]
200 GET https://www.gulp.de/gulp2/g/chunk-THZCILZL.js [text/javascript]
200 GET https://accounts.google.com/gsi/button?type=standard&size=large&text=continue_with&width=300&shape=rectangular&theme=outline&logo_alignment=center&is_fedcm_supported=false&client_id=228589494990-1211dse5nsg9efp9a65ba76u86p6uhia.apps.googleusercontent.com&iframe_id=gsi_808065_274725&cas=3vanWrlZr96lPiR4BCNNSIoAvjTDJFjZ8BUa24duY20&hl=en [text/html; charset=utf-8]
200 POST https://www.gulp.de/gulp2/rest/internal/projects/search [application/json]
200 GET https://www.gulp.de/gulp2/rest/internal/system/version?timestamp=1749718808076 [application/json]
200 GET https://ka-p.fontawesome.com/releases/v6.5.1/webfonts/pro-fa-light-300-12.woff2 [font/woff2]
200 GET https://ka-p.fontawesome.com/releases/v6.5.1/webfonts/pro-fa-light-300-1.woff2 [font/woff2]
200 GET https://ka-p.fontawesome.com/releases/v6.5.1/webfonts/pro-fa-light-300-14.woff2 [font/woff2]
200 GET https://ka-p.fontawesome.com/releases/v6.5.1/webfonts/pro-fa-light-300-20.woff2 [font/woff2]
200 GET https://ka-p.fontawesome.com/releases/v6.5.1/webfonts/pro-fa-light-300-4.woff2 [font/woff2]
200 GET https://ka-p.fontawesome.com/releases/v6.5.1/webfonts/pro-fa-light-300-13.woff2 [font/woff2]
200 GET https://ka-p.fontawesome.com/releases/v6.5.1/webfonts/pro-fa-brands-400-1.woff2 [font/woff2]
200 GET https://ka-p.fontawesome.com/releases/v6.5.1/webfonts/pro-fa-brands-400-0.woff2 [font/woff2]
200 GET https://www.gulp.de/api/v1/external_teaser?count=1&lang=de&type=projekte [application/json]
200 GET https://ka-p.fontawesome.com/releases/v6.5.1/webfonts/pro-fa-solid-900-0.woff2 [font/woff2]
200 GET https://www.gulp.de/themes/master_theme/src/images/icons-white-negative/icon-award-white.svg [image/svg+xml]
202 POST https://apm.prod.gulp.de/intake/v2/rum/events []
200 POST https://play.google.com/log?format=json&hasfast=true&authuser=0 [text/plain; charset=UTF-8]
200 GET https://www.gulp.de/gulp2/g/projekte?page=2 [text/html]
200 GET https://kit.fontawesome.com/fbf044a3cd.js [text/javascript]
200 GET https://www.gulp.de/gulp2/g/assets/img/randstad-professional/Randstad_Professional_Logo_Horizontal_Blue.svg [image/svg+xml]
200 GET https://www.gulp.de/gulp2/g/scripts-B7X5Y6R6.js [text/javascript]
200 GET https://www.gulp.de/gulp2/g/chunk-T4GTF74X.js [text/javascript]
200 GET https://www.gulp.de/gulp2/g/styles-WSV7P2OG.css [text/css]
200 GET https://www.gulp.de/gulp2/g/chunk-PCT7L2ES.js [text/javascript]
200 GET https://www.gulp.de/gulp2/g/chunk-QFKU7YAW.js [text/javascript]
200 GET https://www.gulp.de/gulp2/g/chunk-L7S4TYYL.js [text/javascript]
200 GET https://www.gulp.de/gulp2/g/chunk-3LKIMN33.js [text/javascript]
200 GET https://www.gulp.de/gulp2/g/chunk-Y4P65O76.js [text/javascript]
200 GET https://www.gulp.de/gulp2/g/chunk-HZD6FULU.js [text/javascript]
200 GET https://www.gulp.de/gulp2/g/chunk-OT35U7KN.js [text/javascript]
200 GET https://www.gulp.de/gulp2/g/chunk-LGS6URUG.js [text/javascript]
200 GET https://www.gulp.de/gulp2/g/chunk-F7GCBYVY.js [text/javascript]
200 GET https://www.gulp.de/gulp2/g/polyfills-R5K4VRNJ.js [text/javascript]
200 GET https://www.gulp.de/gulp2/g/main-S7MTPUSF.js [text/javascript]
200 GET https://www.gulp.de/gulp2/g/media/Graphik-Regular-FBQPQPJS.woff2 [font/woff2]
200 GET https://ka-p.fontawesome.com/assets/fbf044a3cd/90812257/kit.css?token=fbf044a3cd [text/css]
200 GET https://www.gulp.de/gulp2/g/chunk-VIWU4XXG.js [text/javascript]
200 GET https://ka-p.fontawesome.com/releases/v6.5.1/webfonts/pro-fa-solid-900-0.woff2 [font/woff2]
200 GET https://ka-p.fontawesome.com/releases/v6.5.1/webfonts/pro-fa-light-300-20.woff2 [font/woff2]
200 GET https://ka-p.fontawesome.com/releases/v6.5.1/webfonts/pro-fa-light-300-14.woff2 [font/woff2]
200 GET https://ka-p.fontawesome.com/releases/v6.5.1/webfonts/pro-fa-light-300-13.woff2 [font/woff2]
200 GET https://ka-p.fontawesome.com/releases/v6.5.1/webfonts/pro-fa-light-300-12.woff2 [font/woff2]
200 GET https://ka-p.fontawesome.com/releases/v6.5.1/webfonts/pro-fa-light-300-4.woff2 [font/woff2]
200 GET https://ka-p.fontawesome.com/releases/v6.5.1/webfonts/pro-fa-light-300-1.woff2 [font/woff2]
200 GET https://ka-p.fontawesome.com/releases/v6.5.1/webfonts/pro-fa-light-300-0.woff2 [font/woff2]
200 GET https://ka-p.fontawesome.com/releases/v6.5.1/webfonts/pro-fa-brands-400-1.woff2 [font/woff2]
200 GET https://ka-p.fontawesome.com/releases/v6.5.1/webfonts/pro-fa-brands-400-0.woff2 [font/woff2]
200 GET https://www.gulp.de/gulp2/g/chunk-KGJBZLNU.js [text/javascript]
200 GET https://www.gulp.de/gulp2/g/chunk-233LFY6R.js [text/javascript]
200 GET https://www.gulp.de/gulp2/g/chunk-P4JRP7MC.js [text/javascript]
200 GET https://www.gulp.de/gulp2/g/chunk-OFPD42QH.js [text/javascript]
200 GET https://www.gulp.de/gulp2/g/chunk-VEFBAWCB.js [text/javascript]
200 GET https://www.gulp.de/gulp2/g/chunk-Q36THR53.js [text/javascript]
200 GET https://www.gulp.de/gulp2/g/chunk-S4JXQT7V.js [text/javascript]
200 GET https://www.gulp.de/gulp2/g/chunk-6X3HKBDT.js [text/javascript]
200 GET https://www.gulp.de/gulp2/g/chunk-LD5BQLG6.js [text/javascript]
200 GET https://www.gulp.de/gulp2/g/chunk-37AH72KF.js [text/javascript]
200 GET https://www.gulp.de/gulp2/g/chunk-SWCUB727.js [text/javascript]
200 GET https://www.gulp.de/gulp2/g/chunk-BZK2WZME.js [text/javascript]
200 GET https://www.gulp.de/gulp2/g/chunk-YREMPQ3M.js [text/javascript]
200 GET https://www.gulp.de/gulp2/rest/internal/system/csrf []
200 GET https://www.gulp.de/gulp2/g/chunk-MMSSAXQC.js [text/javascript]
200 GET https://www.gulp.de/gulp2/g/chunk-Z2I6V2SC.js [text/javascript]
200 GET https://accounts.google.com/gsi/client [application/javascript; charset=utf-8]
200 GET https://www.gulp.de/gulp2/rest/internal/system/account/login/data [application/json]
200 GET https://www.gulp.de/gulp2/g/chunk-3D24K4NF.js [text/javascript]
200 GET https://www.gulp.de/gulp2/rest/internal/system/version?timestamp=1749718820733 [application/json]
200 GET https://accounts.google.com/gsi/style [text/css; charset=utf-8]
200 GET https://www.gulp.de/gulp2/g/chunk-FKY67ZKQ.js [text/javascript]
200 GET https://www.gulp.de/gulp2/g/chunk-N6SXRIM5.js [text/javascript]
200 GET https://www.gulp.de/gulp2/g/chunk-NNKCMSSQ.js [text/javascript]
200 GET https://www.gulp.de/gulp2/g/chunk-LENQSXNX.js [text/javascript]
200 GET https://www.gulp.de/gulp2/g/chunk-FTSCG2T5.js [text/javascript]
200 GET https://www.gulp.de/gulp2/g/chunk-O4HTW4YS.js [text/javascript]
200 GET https://www.gulp.de/gulp2/g/chunk-2Y63MSSV.js [text/javascript]
200 GET https://www.gulp.de/gulp2/g/chunk-UTK5ZY42.js [text/javascript]
200 GET https://www.gulp.de/gulp2/g/chunk-FJKNDGC3.js [text/javascript]
200 GET https://www.gulp.de/gulp2/g/chunk-BPB3N6BY.js [text/javascript]
200 GET https://www.gulp.de/gulp2/g/chunk-VBJOETLV.js [text/javascript]
200 GET https://www.gulp.de/gulp2/g/chunk-TIVSYF4K.js [text/javascript]
200 GET https://www.gulp.de/gulp2/g/chunk-PULQ6UYK.js [text/javascript]
200 GET https://www.gulp.de/gulp2/g/chunk-RCHBCNYG.js [text/javascript]
200 GET https://www.gulp.de/gulp2/g/chunk-JCZLZAAQ.js [text/javascript]
200 GET https://www.gulp.de/gulp2/g/chunk-PKBFDEYK.js [text/javascript]
200 GET https://www.gulp.de/gulp2/g/chunk-IMVVBCAW.js [text/javascript]
200 GET https://www.gulp.de/gulp2/g/chunk-XLOAZGVI.js [text/javascript]
200 GET https://www.gulp.de/gulp2/g/chunk-3UCBDKYX.js [text/javascript]
200 GET https://www.gulp.de/gulp2/g/chunk-V2FEMQB7.js [text/javascript]
204 POST https://www.gulp.de/gulp2/rest/internal/system/log []
200 GET https://www.gulp.de/gulp2/g/chunk-XSC2UQPA.js [text/javascript]
200 GET https://www.gulp.de/gulp2/g/chunk-M5HPK4LZ.js [text/javascript]
200 GET https://www.gulp.de/gulp2/g/chunk-NEDEIWUM.js [text/javascript]
200 GET https://www.gulp.de/gulp2/g/chunk-GPGZY7V2.js [text/javascript]
200 GET https://www.gulp.de/gulp2/g/chunk-2KPVSZ3G.js [text/javascript]
200 GET https://www.gulp.de/gulp2/g/chunk-ODFNKO4V.js [text/javascript]
200 GET https://www.gulp.de/gulp2/g/chunk-VDGUXUOA.js [text/javascript]
200 GET https://www.gulp.de/gulp2/g/chunk-OIDITWNQ.js [text/javascript]
200 GET https://www.gulp.de/gulp2/g/chunk-7DXVJKRO.js [text/javascript]
200 GET https://www.gulp.de/gulp2/g/chunk-CXPX7YNH.js [text/javascript]
200 GET https://www.gulp.de/gulp2/g/chunk-MDG4J6K2.js [text/javascript]
200 GET https://www.gulp.de/gulp2/g/chunk-M2QQMULU.js [text/javascript]
200 GET https://www.gulp.de/gulp2/g/chunk-TT6WNUFP.js [text/javascript]
200 GET https://www.gulp.de/gulp2/g/chunk-U7E7AKHO.js [text/javascript]
200 GET https://www.gulp.de/gulp2/g/chunk-DVLVFXGO.js [text/javascript]
200 GET https://www.gulp.de/gulp2/g/chunk-WMEU3JVD.js [text/javascript]
200 GET https://www.gulp.de/gulp2/g/chunk-6QNX3YIB.js [text/javascript]
200 GET https://www.gulp.de/gulp2/g/chunk-5IUDTNWV.js [text/javascript]
200 GET https://www.gulp.de/gulp2/g/chunk-7KVQ5WBH.js [text/javascript]
200 GET https://www.gulp.de/gulp2/g/chunk-KKVZKFP5.js [text/javascript]
200 GET https://www.gulp.de/gulp2/g/chunk-AOAHGYIC.js [text/javascript]
200 GET https://www.gulp.de/gulp2/g/chunk-JBPHKZTU.js [text/javascript]
200 GET https://www.gulp.de/gulp2/g/chunk-IUJAQG4H.js [text/javascript]
200 GET https://www.gulp.de/gulp2/g/chunk-I3AEQ4Y7.js [text/javascript]
200 GET https://www.gulp.de/gulp2/g/chunk-CU5BSAYG.js [text/javascript]
200 GET https://www.gulp.de/gulp2/g/chunk-BHJAQM3A.js [text/javascript]
200 GET https://www.gulp.de/gulp2/g/chunk-6JNI4LZX.js [text/javascript]
200 GET https://www.gulp.de/gulp2/g/chunk-VTYHDTP5.js [text/javascript]
200 GET https://www.gulp.de/gulp2/g/chunk-66D7SW6T.js [text/javascript]
200 GET https://www.gulp.de/gulp2/g/chunk-IFV6IT63.js [text/javascript]
200 GET https://www.gulp.de/gulp2/g/chunk-4AECKOLV.js [text/javascript]
200 GET https://www.gulp.de/gulp2/g/chunk-EKEIUERZ.js [text/javascript]
200 GET https://www.gulp.de/gulp2/g/chunk-7JO3JE5N.js [text/javascript]
200 GET https://www.gulp.de/gulp2/g/chunk-EBQEYVD6.js [text/javascript]
200 GET https://www.gulp.de/gulp2/g/chunk-RA4ZPA3K.js [text/javascript]
200 GET https://www.gulp.de/gulp2/g/chunk-LYR3WBLX.js [text/javascript]
200 GET https://www.gulp.de/gulp2/g/chunk-YDXG3B2O.js [text/javascript]
200 GET https://www.gulp.de/gulp2/g/chunk-7TDOKLGV.js [text/javascript]
200 GET https://www.gulp.de/gulp2/g/chunk-AA2FV4QV.js [text/javascript]
200 GET https://www.gulp.de/gulp2/g/chunk-BASLVPO7.js [text/javascript]
200 GET https://www.gulp.de/gulp2/g/chunk-YO3KLC6Y.js [text/javascript]
200 GET https://www.gulp.de/gulp2/g/chunk-KTGLMOY7.js [text/javascript]
200 GET https://www.gulp.de/gulp2/g/chunk-3A23W4EW.js [text/javascript]
200 GET https://www.gulp.de/gulp2/g/chunk-LK2ILA6M.js [text/javascript]
200 GET https://www.gulp.de/gulp2/g/chunk-3BSQIKN3.js [text/javascript]
200 GET https://www.gulp.de/gulp2/g/chunk-UWRHOYPG.js [text/javascript]
200 GET https://www.gulp.de/gulp2/g/chunk-EOCBTHGZ.js [text/javascript]
200 GET https://www.gulp.de/gulp2/g/chunk-7AFDPYE7.js [text/javascript]
200 GET https://www.gulp.de/gulp2/g/chunk-MKTC6BQT.js [text/javascript]
200 GET https://www.gulp.de/gulp2/g/chunk-R7WEERGP.js [text/javascript]
200 GET https://www.gulp.de/gulp2/g/chunk-UNJWXTUU.js [text/javascript]
200 GET https://www.gulp.de/gulp2/g/chunk-6A5ULL7W.js [text/javascript]
200 GET https://www.gulp.de/gulp2/g/chunk-6WEPP5YU.js [text/javascript]
200 GET https://www.gulp.de/gulp2/g/chunk-6NMJBZXN.js [text/javascript]
200 GET https://www.gulp.de/gulp2/g/chunk-4PQVLN76.js [text/javascript]
200 GET https://www.gulp.de/gulp2/g/chunk-ZK6RDQTP.js [text/javascript]
200 GET https://www.gulp.de/gulp2/g/chunk-BVQXHYIL.js [text/javascript]
200 GET https://www.gulp.de/gulp2/g/chunk-2HJSQLN7.js [text/javascript]
200 GET https://www.gulp.de/gulp2/g/assets/img/randstad-professional/Randstad_Professional_Logo_Horizontal_White.svg [image/svg+xml]
200 GET https://www.gulp.de/gulp2/g/assets/img/gulp-logo/GULP-Logo-only_weiss.svg [image/svg+xml]
200 GET https://www.gulp.de/gulp2/rest/internal/system/version?timestamp=1749718820902 [application/json]
204 POST https://www.gulp.de/gulp2/rest/internal/system/log []
200 GET https://www.gulp.de/jsonapi/menu_items/main-de [application/vnd.api+json]
200 GET https://www.gulp.de/gulp2/g/chunk-MHSI3IG4.js [text/javascript]
200 GET https://www.gulp.de/gulp2/g/chunk-PP3YTBHN.js [text/javascript]
200 GET https://www.gulp.de/gulp2/g/chunk-CFRZVIJ7.js [text/javascript]
200 GET https://www.gulp.de/gulp2/g/chunk-THZCILZL.js [text/javascript]
200 GET https://accounts.google.com/gsi/button?type=standard&size=large&text=continue_with&width=300&shape=rectangular&theme=outline&logo_alignment=center&is_fedcm_supported=false&client_id=228589494990-1211dse5nsg9efp9a65ba76u86p6uhia.apps.googleusercontent.com&iframe_id=gsi_821039_682361&cas=e%2BAZE3nVlCxuVYWk80kKXWgPeCvinkKjhdnddaRHA%2Bk&hl=en [text/html; charset=utf-8]
200 POST https://www.gulp.de/gulp2/rest/internal/projects/search [application/json]
200 GET https://www.gulp.de/gulp2/rest/internal/system/version?timestamp=1749718821049 [application/json]
202 POST https://apm.prod.gulp.de/intake/v2/rum/events []
200 POST https://play.google.com/log?format=json&hasfast=true&authuser=0 [text/plain; charset=UTF-8]
200 GET https://www.gulp.de/gulp2/g/projekte?page=3 [text/html]
200 GET https://kit.fontawesome.com/fbf044a3cd.js [text/javascript]
200 GET https://www.gulp.de/gulp2/g/assets/img/randstad-professional/Randstad_Professional_Logo_Horizontal_Blue.svg [image/svg+xml]
200 GET https://www.gulp.de/gulp2/g/scripts-B7X5Y6R6.js [text/javascript]
200 GET https://www.gulp.de/gulp2/g/chunk-T4GTF74X.js [text/javascript]
200 GET https://www.gulp.de/gulp2/g/styles-WSV7P2OG.css [text/css]
200 GET https://www.gulp.de/gulp2/g/chunk-PCT7L2ES.js [text/javascript]
200 GET https://www.gulp.de/gulp2/g/chunk-QFKU7YAW.js [text/javascript]
200 GET https://www.gulp.de/gulp2/g/chunk-L7S4TYYL.js [text/javascript]
200 GET https://www.gulp.de/gulp2/g/chunk-3LKIMN33.js [text/javascript]
200 GET https://www.gulp.de/gulp2/g/chunk-Y4P65O76.js [text/javascript]
200 GET https://www.gulp.de/gulp2/g/chunk-HZD6FULU.js [text/javascript]
200 GET https://www.gulp.de/gulp2/g/chunk-OT35U7KN.js [text/javascript]
200 GET https://www.gulp.de/gulp2/g/chunk-LGS6URUG.js [text/javascript]
200 GET https://www.gulp.de/gulp2/g/chunk-F7GCBYVY.js [text/javascript]
200 GET https://www.gulp.de/gulp2/g/polyfills-R5K4VRNJ.js [text/javascript]
200 GET https://www.gulp.de/gulp2/g/main-S7MTPUSF.js [text/javascript]
200 GET https://www.gulp.de/gulp2/g/media/Graphik-Regular-FBQPQPJS.woff2 [font/woff2]
200 GET https://ka-p.fontawesome.com/assets/fbf044a3cd/90812257/kit.css?token=fbf044a3cd [text/css]
200 GET https://www.gulp.de/gulp2/g/chunk-VIWU4XXG.js [text/javascript]
200 GET https://www.gulp.de/gulp2/g/chunk-KGJBZLNU.js [text/javascript]
200 GET https://www.gulp.de/gulp2/g/chunk-233LFY6R.js [text/javascript]
200 GET https://www.gulp.de/gulp2/g/chunk-P4JRP7MC.js [text/javascript]
200 GET https://www.gulp.de/gulp2/g/chunk-OFPD42QH.js [text/javascript]
200 GET https://www.gulp.de/gulp2/g/chunk-VEFBAWCB.js [text/javascript]
200 GET https://www.gulp.de/gulp2/g/chunk-Q36THR53.js [text/javascript]
200 GET https://www.gulp.de/gulp2/g/chunk-S4JXQT7V.js [text/javascript]
200 GET https://www.gulp.de/gulp2/g/chunk-6X3HKBDT.js [text/javascript]
200 GET https://www.gulp.de/gulp2/g/chunk-LD5BQLG6.js [text/javascript]
200 GET https://www.gulp.de/gulp2/g/chunk-37AH72KF.js [text/javascript]
200 GET https://www.gulp.de/gulp2/g/chunk-SWCUB727.js [text/javascript]
200 GET https://ka-p.fontawesome.com/releases/v6.5.1/webfonts/pro-fa-solid-900-0.woff2 [font/woff2]
200 GET https://ka-p.fontawesome.com/releases/v6.5.1/webfonts/pro-fa-light-300-20.woff2 [font/woff2]
200 GET https://ka-p.fontawesome.com/releases/v6.5.1/webfonts/pro-fa-light-300-14.woff2 [font/woff2]
200 GET https://ka-p.fontawesome.com/releases/v6.5.1/webfonts/pro-fa-light-300-13.woff2 [font/woff2]
200 GET https://ka-p.fontawesome.com/releases/v6.5.1/webfonts/pro-fa-light-300-12.woff2 [font/woff2]
200 GET https://ka-p.fontawesome.com/releases/v6.5.1/webfonts/pro-fa-light-300-4.woff2 [font/woff2]
200 GET https://ka-p.fontawesome.com/releases/v6.5.1/webfonts/pro-fa-light-300-1.woff2 [font/woff2]
200 GET https://ka-p.fontawesome.com/releases/v6.5.1/webfonts/pro-fa-light-300-0.woff2 [font/woff2]
200 GET https://ka-p.fontawesome.com/releases/v6.5.1/webfonts/pro-fa-brands-400-1.woff2 [font/woff2]
200 GET https://ka-p.fontawesome.com/releases/v6.5.1/webfonts/pro-fa-brands-400-0.woff2 [font/woff2]
200 GET https://www.gulp.de/gulp2/g/chunk-BZK2WZME.js [text/javascript]
200 GET https://www.gulp.de/gulp2/g/chunk-YREMPQ3M.js [text/javascript]
200 GET https://www.gulp.de/gulp2/rest/internal/system/csrf []
200 GET https://www.gulp.de/gulp2/g/chunk-MMSSAXQC.js [text/javascript]
200 GET https://www.gulp.de/gulp2/g/chunk-Z2I6V2SC.js [text/javascript]
200 GET https://accounts.google.com/gsi/client [application/javascript; charset=utf-8]
200 GET https://www.gulp.de/gulp2/rest/internal/system/account/login/data [application/json]
200 GET https://www.gulp.de/gulp2/g/chunk-3D24K4NF.js [text/javascript]
200 GET https://www.gulp.de/gulp2/rest/internal/system/version?timestamp=1749718833767 [application/json]
200 GET https://accounts.google.com/gsi/style [text/css; charset=utf-8]
200 GET https://www.gulp.de/gulp2/g/chunk-FKY67ZKQ.js [text/javascript]
204 POST https://www.gulp.de/gulp2/rest/internal/system/log []
200 GET https://www.gulp.de/gulp2/g/chunk-N6SXRIM5.js [text/javascript]
200 GET https://www.gulp.de/gulp2/g/chunk-NNKCMSSQ.js [text/javascript]
200 GET https://www.gulp.de/gulp2/g/chunk-LENQSXNX.js [text/javascript]
200 GET https://www.gulp.de/gulp2/g/chunk-FTSCG2T5.js [text/javascript]
200 GET https://www.gulp.de/gulp2/g/chunk-O4HTW4YS.js [text/javascript]
200 GET https://www.gulp.de/gulp2/g/chunk-2Y63MSSV.js [text/javascript]
200 GET https://www.gulp.de/gulp2/g/chunk-UTK5ZY42.js [text/javascript]
200 GET https://www.gulp.de/gulp2/g/chunk-FJKNDGC3.js [text/javascript]
200 GET https://www.gulp.de/gulp2/g/chunk-BPB3N6BY.js [text/javascript]
200 GET https://www.gulp.de/gulp2/g/chunk-VBJOETLV.js [text/javascript]
200 GET https://www.gulp.de/gulp2/g/chunk-TIVSYF4K.js [text/javascript]
200 GET https://www.gulp.de/gulp2/g/chunk-PULQ6UYK.js [text/javascript]
200 GET https://www.gulp.de/gulp2/g/chunk-RCHBCNYG.js [text/javascript]
200 GET https://www.gulp.de/gulp2/g/chunk-JCZLZAAQ.js [text/javascript]
200 GET https://www.gulp.de/gulp2/g/chunk-PKBFDEYK.js [text/javascript]
200 GET https://www.gulp.de/gulp2/g/chunk-IMVVBCAW.js [text/javascript]
200 GET https://www.gulp.de/gulp2/g/chunk-XLOAZGVI.js [text/javascript]
200 GET https://www.gulp.de/gulp2/g/chunk-3UCBDKYX.js [text/javascript]
200 GET https://www.gulp.de/gulp2/g/chunk-V2FEMQB7.js [text/javascript]
200 GET https://www.gulp.de/gulp2/g/chunk-XSC2UQPA.js [text/javascript]
200 GET https://www.gulp.de/gulp2/g/chunk-M5HPK4LZ.js [text/javascript]
200 GET https://www.gulp.de/gulp2/g/chunk-NEDEIWUM.js [text/javascript]
200 GET https://www.gulp.de/gulp2/g/chunk-GPGZY7V2.js [text/javascript]
200 GET https://www.gulp.de/gulp2/g/chunk-2KPVSZ3G.js [text/javascript]
200 GET https://www.gulp.de/gulp2/g/chunk-ODFNKO4V.js [text/javascript]
200 GET https://www.gulp.de/gulp2/g/chunk-VDGUXUOA.js [text/javascript]
200 GET https://www.gulp.de/gulp2/g/chunk-OIDITWNQ.js [text/javascript]
200 GET https://www.gulp.de/gulp2/g/chunk-7DXVJKRO.js [text/javascript]
200 GET https://www.gulp.de/gulp2/g/chunk-CXPX7YNH.js [text/javascript]
200 GET https://www.gulp.de/gulp2/g/chunk-MDG4J6K2.js [text/javascript]
200 GET https://www.gulp.de/gulp2/g/chunk-M2QQMULU.js [text/javascript]
200 GET https://www.gulp.de/gulp2/g/chunk-TT6WNUFP.js [text/javascript]
200 GET https://www.gulp.de/gulp2/g/chunk-U7E7AKHO.js [text/javascript]
200 GET https://www.gulp.de/gulp2/g/chunk-DVLVFXGO.js [text/javascript]
200 GET https://www.gulp.de/gulp2/g/chunk-WMEU3JVD.js [text/javascript]
200 GET https://www.gulp.de/gulp2/g/chunk-6QNX3YIB.js [text/javascript]
200 GET https://www.gulp.de/gulp2/g/chunk-5IUDTNWV.js [text/javascript]
200 GET https://www.gulp.de/gulp2/g/chunk-7KVQ5WBH.js [text/javascript]
200 GET https://www.gulp.de/gulp2/g/chunk-KKVZKFP5.js [text/javascript]
200 GET https://www.gulp.de/gulp2/g/chunk-AOAHGYIC.js [text/javascript]
200 GET https://www.gulp.de/gulp2/g/chunk-JBPHKZTU.js [text/javascript]
200 GET https://www.gulp.de/gulp2/g/chunk-IUJAQG4H.js [text/javascript]
200 GET https://www.gulp.de/gulp2/g/chunk-I3AEQ4Y7.js [text/javascript]
200 GET https://www.gulp.de/gulp2/g/chunk-CU5BSAYG.js [text/javascript]
200 GET https://www.gulp.de/gulp2/g/chunk-BHJAQM3A.js [text/javascript]
200 GET https://www.gulp.de/gulp2/g/chunk-6JNI4LZX.js [text/javascript]
200 GET https://www.gulp.de/gulp2/g/chunk-VTYHDTP5.js [text/javascript]
200 GET https://www.gulp.de/gulp2/g/chunk-66D7SW6T.js [text/javascript]
200 GET https://www.gulp.de/gulp2/g/chunk-IFV6IT63.js [text/javascript]
200 GET https://www.gulp.de/gulp2/g/chunk-4AECKOLV.js [text/javascript]
200 GET https://www.gulp.de/gulp2/g/chunk-EKEIUERZ.js [text/javascript]
200 GET https://www.gulp.de/gulp2/g/chunk-7JO3JE5N.js [text/javascript]
200 GET https://www.gulp.de/gulp2/g/chunk-EBQEYVD6.js [text/javascript]
200 GET https://www.gulp.de/gulp2/g/chunk-RA4ZPA3K.js [text/javascript]
200 GET https://www.gulp.de/gulp2/g/chunk-LYR3WBLX.js [text/javascript]
200 GET https://www.gulp.de/gulp2/g/chunk-YDXG3B2O.js [text/javascript]
200 GET https://www.gulp.de/gulp2/g/chunk-7TDOKLGV.js [text/javascript]
200 GET https://www.gulp.de/gulp2/g/chunk-AA2FV4QV.js [text/javascript]
200 GET https://www.gulp.de/gulp2/g/chunk-BASLVPO7.js [text/javascript]
200 GET https://www.gulp.de/gulp2/g/chunk-YO3KLC6Y.js [text/javascript]
200 GET https://www.gulp.de/gulp2/g/chunk-KTGLMOY7.js [text/javascript]
200 GET https://www.gulp.de/gulp2/g/chunk-3A23W4EW.js [text/javascript]
200 GET https://www.gulp.de/gulp2/g/chunk-LK2ILA6M.js [text/javascript]
200 GET https://www.gulp.de/gulp2/g/chunk-3BSQIKN3.js [text/javascript]
200 GET https://www.gulp.de/gulp2/g/chunk-UWRHOYPG.js [text/javascript]
200 GET https://www.gulp.de/gulp2/g/chunk-EOCBTHGZ.js [text/javascript]
200 GET https://www.gulp.de/gulp2/g/chunk-7AFDPYE7.js [text/javascript]
200 GET https://www.gulp.de/gulp2/g/chunk-MKTC6BQT.js [text/javascript]
200 GET https://www.gulp.de/gulp2/g/chunk-R7WEERGP.js [text/javascript]
200 GET https://www.gulp.de/gulp2/g/chunk-UNJWXTUU.js [text/javascript]
200 GET https://www.gulp.de/gulp2/g/chunk-6A5ULL7W.js [text/javascript]
200 GET https://www.gulp.de/gulp2/g/chunk-6WEPP5YU.js [text/javascript]
200 GET https://www.gulp.de/gulp2/g/chunk-6NMJBZXN.js [text/javascript]
200 GET https://www.gulp.de/gulp2/g/chunk-4PQVLN76.js [text/javascript]
200 GET https://www.gulp.de/gulp2/g/chunk-ZK6RDQTP.js [text/javascript]
200 GET https://www.gulp.de/gulp2/g/chunk-BVQXHYIL.js [text/javascript]
200 GET https://www.gulp.de/gulp2/g/chunk-2HJSQLN7.js [text/javascript]
200 GET https://www.gulp.de/gulp2/g/assets/img/randstad-professional/Randstad_Professional_Logo_Horizontal_White.svg [image/svg+xml]
200 GET https://www.gulp.de/gulp2/g/assets/img/gulp-logo/GULP-Logo-only_weiss.svg [image/svg+xml]
200 GET https://www.gulp.de/gulp2/rest/internal/system/version?timestamp=1749718833959 [application/json]
204 POST https://www.gulp.de/gulp2/rest/internal/system/log []
200 GET https://www.gulp.de/jsonapi/menu_items/main-de [application/vnd.api+json]
200 GET https://www.gulp.de/gulp2/g/chunk-MHSI3IG4.js [text/javascript]
200 GET https://www.gulp.de/gulp2/g/chunk-PP3YTBHN.js [text/javascript]
200 GET https://www.gulp.de/gulp2/g/chunk-CFRZVIJ7.js [text/javascript]
200 GET https://www.gulp.de/gulp2/g/chunk-THZCILZL.js [text/javascript]
200 GET https://accounts.google.com/gsi/button?type=standard&size=large&text=continue_with&width=300&shape=rectangular&theme=outline&logo_alignment=center&is_fedcm_supported=false&client_id=228589494990-1211dse5nsg9efp9a65ba76u86p6uhia.apps.googleusercontent.com&iframe_id=gsi_834101_943267&cas=f6jXs8cNiAIXf6V0LQLA55yAMrPFbiGnBB3a6vHhaLg&hl=en [text/html; charset=utf-8]
200 POST https://www.gulp.de/gulp2/rest/internal/projects/search [application/json]
200 GET https://www.gulp.de/gulp2/rest/internal/system/version?timestamp=1749718834109 [application/json]
202 POST https://apm.prod.gulp.de/intake/v2/rum/events []
200 POST https://play.google.com/log?format=json&hasfast=true&authuser=0 [text/plain; charset=UTF-8]